[2026-02-25 22:21:24] TO: tronglen10123456@gmail.com | SUBJECT: Chào mừng bạn đến với Charity Event

    Xin chào Nguyễn Văn Trọng,
    
    Cảm ơn bạn đã đăng ký tài khoản tại Charity Event!
    
    Thông tin tài khoản:
    - Email: tronglen10123456@gmail.com
    - Họ tên: Nguyễn Văn Trọng
    
    Bạn có thể đăng nhập và bắt đầu tham gia các hoạt động từ thiện ngay bây giờ.
    
    Trân trọng,
    Đội ngũ Charity Event
    

[2026-02-25 22:28:36] TO: tronglen10123456@gmail.com | SUBJECT: Đặt lại mật khẩu - Charity Event

Xin chào Nguyễn Văn Trọng,

Bạn đã yêu cầu đặt lại mật khẩu cho tài khoản tronglen10123456@gmail.com.

Vui lòng click vào link sau để đặt lại mật khẩu:
http://localhost/DACS-CharityManager/auth/reset_password.php?token=e7850f3c1f4203193a4b6ef14525a9d16f6505aa7c2d1b7425780d8c7e153f1b

Link này sẽ hết hạn sau 1 giờ.

Nếu bạn không yêu cầu đặt lại mật khẩu, vui lòng bỏ qua email này.

Trân trọng,
Đội ngũ Charity Event
            

[2026-02-25 22:30:02] TO: tronglen10123456@gmail.com | SUBJECT: Đặt lại mật khẩu - Charity Event

Xin chào Nguyễn Văn Trọng,

Bạn đã yêu cầu đặt lại mật khẩu cho tài khoản tronglen10123456@gmail.com.

Vui lòng click vào link sau để đặt lại mật khẩu:
http://localhost/DACS-CharityManager/auth/reset_password.php?token=cd3ea68a1acfde91b36cfc25e70a7da8134f4a2a77c68949a6fec720fc2c59d9

Link này sẽ hết hạn sau 1 giờ.

Nếu bạn không yêu cầu đặt lại mật khẩu, vui lòng bỏ qua email này.

Trân trọng,
Đội ngũ Charity Event
            

[2026-02-25 22:34:05] TO: test1@gmail.com | SUBJECT: Chào mừng bạn đến với Charity Event

    Xin chào trong,
    
    Cảm ơn bạn đã đăng ký tài khoản tại Charity Event!
    
    Thông tin tài khoản:
    - Email: test1@gmail.com
    - Họ tên: trong
    
    Bạn có thể đăng nhập và bắt đầu tham gia các hoạt động từ thiện ngay bây giờ.
    
    Trân trọng,
    Đội ngũ Charity Event
    

[2026-02-28 14:35:06] TO: test1@gmail.com | SUBJECT: Xác nhận đăng ký tình nguyện - Charity Event

Xin chào users,

Cảm ơn bạn đã đăng ký làm tình nguyện viên cho sự kiện: Cứu trợ đồng bào lũ lụt miền Trung

Đơn đăng ký của bạn đang được xem xét. Chúng tôi sẽ liên hệ với bạn qua email hoặc số điện thoại trong thời gian sớm nhất.

Thông tin đăng ký:
- Họ tên: users
- Email: test1@gmail.com
- Số điện thoại: 0952122222
- Trạng thái: Chờ duyệt

Bạn có thể kiểm tra trạng thái đơn đăng ký trong tài khoản cá nhân.

Trân trọng,
Đội ngũ Charity Event

[2026-02-28 14:38:06] TO: tronglen10123456@gmail.com | SUBJECT: Xác nhận đăng ký tình nguyện - Charity Event

Xin chào trong,

Cảm ơn bạn đã đăng ký làm tình nguyện viên cho sự kiện: Cứu trợ đồng bào lũ lụt miền Trung

Đơn đăng ký của bạn đang được xem xét. Chúng tôi sẽ liên hệ với bạn qua email hoặc số điện thoại trong thời gian sớm nhất.

Thông tin đăng ký:
- Họ tên: trong
- Email: tronglen10123456@gmail.com
- Số điện thoại: 0974972206
- Trạng thái: Chờ duyệt

Bạn có thể kiểm tra trạng thái đơn đăng ký trong tài khoản cá nhân.

Trân trọng,
Đội ngũ Charity Event

[2026-02-28 14:47:57] TO: trong@gmal.com | SUBJECT: Xác nhận đăng ký tình nguyện - Charity Event

Xin chào Nguyễn Văn Trọng,

Cảm ơn bạn đã đăng ký làm tình nguyện viên cho sự kiện: Cứu trợ đồng bào lũ lụt miền Trung

Đơn đăng ký của bạn đang được xem xét. Chúng tôi sẽ liên hệ với bạn qua email hoặc số điện thoại trong thời gian sớm nhất.

Thông tin đăng ký:
- Họ tên: Nguyễn Văn Trọng
- Email: trong@gmal.com
- Số điện thoại: 0974544545
- Trạng thái: Chờ duyệt

Bạn có thể kiểm tra trạng thái đơn đăng ký trong tài khoản cá nhân.

Trân trọng,
Đội ngũ Charity Event

[2026-02-28 14:49:35] TO: trong@gmal.com | SUBJECT: Xác nhận đăng ký tình nguyện - Charity Event

Xin chào Nguyễn Văn Trọng,

Cảm ơn bạn đã đăng ký làm tình nguyện viên cho sự kiện: Hỗ trợ phẫu thuật tim cho bé Minh An

Đơn đăng ký của bạn đang được xem xét. Chúng tôi sẽ liên hệ với bạn qua email hoặc số điện thoại trong thời gian sớm nhất.

Thông tin đăng ký:
- Họ tên: Nguyễn Văn Trọng
- Email: trong@gmal.com
- Số điện thoại: 0974544545
- Trạng thái: Chờ duyệt

Bạn có thể kiểm tra trạng thái đơn đăng ký trong tài khoản cá nhân.

Trân trọng,
Đội ngũ Charity Event

[2026-02-28 14:54:15] TO: trong@gmal.com | SUBJECT: Xác nhận đăng ký tình nguyện - Charity Event

Xin chào Nguyễn Văn Trọng,

Cảm ơn bạn đã đăng ký làm tình nguyện viên cho sự kiện: Xây nhà tình thương cho gia đình chị Hồng

Đơn đăng ký của bạn đang được xem xét. Chúng tôi sẽ liên hệ với bạn sớm nhất.

Thông tin đăng ký:
- Họ tên: Nguyễn Văn Trọng
- Email: trong@gmal.com
- Số điện thoại: 0974544545
- Trạng thái: Chờ duyệt

Trân trọng,
Đội ngũ Charity Event

[2026-02-28 14:58:00] TO: test1@gmail.com | SUBJECT: Xác nhận đăng ký tình nguyện - Charity Event

Xin chào users,

Cảm ơn bạn đã đăng ký làm tình nguyện viên cho sự kiện: Xây nhà tình thương cho gia đình chị Hồng

Đơn đăng ký của bạn đang được xem xét. Chúng tôi sẽ liên hệ với bạn sớm nhất.

Thông tin đăng ký:
- Họ tên: users
- Email: test1@gmail.com
- Số điện thoại: 0952122222
- Trạng thái: Chờ duyệt

Trân trọng,
Đội ngũ Charity Event

[2026-02-28 15:01:07] TO: test1@gmail.com | SUBJECT: Xác nhận đăng ký tình nguyện - Charity Event

Xin chào users,

Cảm ơn bạn đã đăng ký làm tình nguyện viên cho sự kiện: Trao học bổng cho học sinh nghèo vượt khó

Đơn đăng ký của bạn đang được xem xét. Chúng tôi sẽ liên hệ với bạn sớm nhất.

Thông tin đăng ký:
- Họ tên: users
- Email: test1@gmail.com
- Số điện thoại: 0952122222
- Trạng thái: Chờ duyệt

Trân trọng,
Đội ngũ Charity Event

[2026-02-28 15:01:54] TO: tronglen10123456@gmail.com | SUBJECT: Xác nhận đăng ký tình nguyện - Charity Event

Xin chào trong,

Cảm ơn bạn đã đăng ký làm tình nguyện viên cho sự kiện: Trao học bổng cho học sinh nghèo vượt khó

Đơn đăng ký của bạn đang được xem xét. Chúng tôi sẽ liên hệ với bạn qua email hoặc số điện thoại trong thời gian sớm nhất.

Thông tin đăng ký:
- Họ tên: trong
- Email: tronglen10123456@gmail.com
- Số điện thoại: 0987846512
- Trạng thái: Chờ duyệt

Bạn có thể kiểm tra trạng thái đơn đăng ký trong tài khoản cá nhân.

Trân trọng,
Đội ngũ Charity Event

[2026-02-28 15:05:41] TO: 23010817@st.phenikaa-uni.edu.vn | SUBJECT: Xác nhận đăng ký tình nguyện - Charity Event

Xin chào Nguyễn Văn Trọng,

Cảm ơn bạn đã đăng ký làm tình nguyện viên cho sự kiện: Trao học bổng cho học sinh nghèo vượt khó

Đơn đăng ký của bạn đang được xem xét. Chúng tôi sẽ liên hệ với bạn qua email hoặc số điện thoại trong thời gian sớm nhất.

Thông tin đăng ký:
- Họ tên: Nguyễn Văn Trọng
- Email: 23010817@st.phenikaa-uni.edu.vn
- Số điện thoại: 0911224115
- Trạng thái: Chờ duyệt

Bạn có thể kiểm tra trạng thái đơn đăng ký trong tài khoản cá nhân.

Trân trọng,
Đội ngũ Charity Event

[2026-02-28 15:08:00] TO: 23010817@st.phenikaa-uni.edu.vn | SUBJECT: Xác nhận đăng ký tình nguyện - Charity Event

Xin chào Nguyễn Văn Trọng,

Cảm ơn bạn đã đăng ký làm tình nguyện viên cho sự kiện: Khám tim miễn phí cho trẻ em nghèo

Đơn đăng ký của bạn đang được xem xét. Chúng tôi sẽ liên hệ với bạn qua email hoặc số điện thoại trong thời gian sớm nhất.

Thông tin đăng ký:
- Họ tên: Nguyễn Văn Trọng
- Email: 23010817@st.phenikaa-uni.edu.vn
- Số điện thoại: 0911224115
- Trạng thái: Chờ duyệt

Bạn có thể kiểm tra trạng thái đơn đăng ký trong tài khoản cá nhân.

Trân trọng,
Đội ngũ Charity Event

[2026-03-10 00:44:47] TO: tronglen10123456@gmail.com | SUBJECT: Đặt lại mật khẩu - Charity Event

Xin chào Nguyễn Văn Trọng,

Bạn đã yêu cầu đặt lại mật khẩu cho tài khoản tronglen10123456@gmail.com.

Vui lòng click vào link sau để đặt lại mật khẩu:
http://localhosthttp://localhost/DACS-CharityManager/auth/reset_password.php?token=a12073f467499534fd976d9e856cc45b4b5935ee29c51360297ebe11f6c28079

Link này sẽ hết hạn sau 1 giờ.

Nếu bạn không yêu cầu đặt lại mật khẩu, vui lòng bỏ qua email này.

Trân trọng,
Đội ngũ Charity Event
            

[2026-03-13 22:04:03] TO: test1@gmail.com | SUBJECT: Đơn đăng ký nhà hảo tâm được duyệt - Charity Event
Xin chào trong,

Chúc mừng! Đơn đăng ký nhà hảo tâm của bạn đã được phê duyệt.

Bạn giờ đây có thể:
- Tạo và quản lý sự kiện từ thiện
- Tiếp nhận quyên góp từ cộng đồng
- Quản lý tình nguyện viên

Hãy bắt đầu tạo sự kiện đầu tiên của bạn!

Trân trọng,
Charity Event

[2026-03-13 22:07:58] TO: test1@gmail.com | SUBJECT: Sự kiện được phê duyệt - Charity Event
Xin chào trong,

Sự kiện "test 13-3-2026" của bạn đã được phê duyệt!

Sự kiện giờ đã được hiển thị công khai và mọi người có thể quyên góp.

Trân trọng,
Charity Event

[2026-03-13 22:32:09] TO: test1@gmail.com | SUBJECT: Sự kiện chưa được phê duyệt - Charity Event
Xin chào trong,

Rất tiếc, sự kiện "test" chưa được phê duyệt.

Lý do: Mục tiêu quyên góp chưa hợp lý

Vui lòng chỉnh sửa và gửi lại.

Trân trọng,
Charity Event

[2026-03-13 22:33:18] TO: test1@gmail.com | SUBJECT: Sự kiện được phê duyệt - Charity Event
Xin chào trong,

Sự kiện "test" của bạn đã được phê duyệt!

Sự kiện giờ đã được hiển thị công khai và mọi người có thể quyên góp.

Trân trọng,
Charity Event

[2026-03-13 23:03:13] TO: test1@gmail.com | SUBJECT: Sự kiện được phê duyệt - Charity Event
Xin chào trong,

Sự kiện "hihi" của bạn đã được phê duyệt!

Sự kiện giờ đã được hiển thị công khai và mọi người có thể quyên góp.

Trân trọng,
Charity Event

[2026-03-13 23:04:24] TO: tronglen10123456@gmail.com | SUBJECT: Xác nhận đăng ký tình nguyện - Charity Event

Xin chào Nguyễn Văn Trọng,

Cảm ơn bạn đã đăng ký làm tình nguyện viên cho sự kiện: hihi

Đơn đăng ký của bạn đang được xem xét. Chúng tôi sẽ liên hệ với bạn qua email hoặc số điện thoại trong thời gian sớm nhất.

Thông tin đăng ký:
- Họ tên: Nguyễn Văn Trọng
- Email: tronglen10123456@gmail.com
- Số điện thoại: 0974972206
- Trạng thái: Chờ duyệt

Bạn có thể kiểm tra trạng thái đơn đăng ký trong tài khoản cá nhân.

Trân trọng,
Đội ngũ Charity Event

[2026-03-14 01:55:13] TO: comkhuong@gmail.com | SUBJECT: Chào mừng bạn đến với Charity Event

    Xin chào Nguyễn Văn Khương,
    
    Cảm ơn bạn đã đăng ký tài khoản tại Charity Event!
    
    Thông tin tài khoản:
    - Email: comkhuong@gmail.com
    - Họ tên: Nguyễn Văn Khương
    
    Bạn có thể đăng nhập và bắt đầu tham gia các hoạt động từ thiện ngay bây giờ.
    
    Trân trọng,
    Đội ngũ Charity Event
    

[2026-03-14 02:06:49] TO: tronglen10123456@gmail.com | SUBJECT: Xác nhận liên hệ - Charity Event

Xin chào Nguyễn Văn Trọng,

Cảm ơn bạn đã liên hệ với chúng tôi!

Chúng tôi đã nhận được tin nhắn của bạn và sẽ phản hồi trong thời gian sớm nhất.

Thông tin liên hệ:
- Họ tên: Nguyễn Văn Trọng
- Email: tronglen10123456@gmail.com
- Chủ đề: general

Trân trọng,
Đội ngũ Charity Event

[2026-03-14 02:07:32] TO: tronglen10123456@gmail.com | SUBJECT: Re: general
hi

[2026-03-14 10:05:22] TO: kimkhuong10a2@gmail.com | SUBJECT: Chào mừng bạn đến với Charity Event

    Xin chào Khương Kim,
    
    Cảm ơn bạn đã đăng ký tài khoản tại Charity Event!
    
    Thông tin tài khoản:
    - Email: kimkhuong10a2@gmail.com
    - Họ tên: Khương Kim
    
    Bạn có thể đăng nhập và bắt đầu tham gia các hoạt động từ thiện ngay bây giờ.
    
    Trân trọng,
    Đội ngũ Charity Event
    

[2026-03-14 10:13:08] TO: kimkhuong10a2@gmail.com | SUBJECT: Đơn đăng ký nhà hảo tâm được duyệt - Charity Event
Xin chào Khương Kim,

Chúc mừng! Đơn đăng ký nhà hảo tâm của bạn đã được phê duyệt.

Bạn giờ đây có thể:
- Tạo và quản lý sự kiện từ thiện
- Tiếp nhận quyên góp từ cộng đồng
- Quản lý tình nguyện viên

Hãy bắt đầu tạo sự kiện đầu tiên của bạn!

Trân trọng,
Charity Event

[2026-03-14 10:56:42] TO: kimkhuong10a2@gmail.com | SUBJECT: Sự kiện được phê duyệt - Charity Event
Xin chào Khương Kim,

Sự kiện "nuôi em" của bạn đã được phê duyệt!

Sự kiện giờ đã được hiển thị công khai và mọi người có thể quyên góp.

Trân trọng,
Charity Event

[2026-03-15 12:18:38] TO: test1@gmail.com | SUBJECT: Sự kiện được phê duyệt - Charity Event
Xin chào trong,

Sự kiện "hhuhu" của bạn đã được phê duyệt!

Sự kiện giờ đã được hiển thị công khai và mọi người có thể quyên góp.

Trân trọng,
Charity Event

[2026-03-15 12:27:48] TO: test1@gmail.com | SUBJECT: Sự kiện đã đóng - Charity Event
Xin chào trong,

Sự kiện "hhuhu" đã được đóng.

Lý do: Vi phạm quy định

Tổng quyên góp: 0 đ

Vui lòng hoàn tất báo cáo minh bạch trong vòng 30 ngày.

Trân trọng,
Charity Event

