[2026-02-25 22:17:50] Failed Login - Email: tronglen10123456@gmail.com | IP: ::1 | Reason: Email not found
[2026-02-25 22:18:04] Failed Login - Email: tronglen10123456@gmail.com | IP: ::1 | Reason: Email not found
[2026-02-25 22:18:20] Failed Login - Email: tronglen10123456@gmail.com | IP: ::1 | Reason: Email not found
[2026-02-25 22:20:27] Failed Login - Email: tronglen10123456@gmail.com | IP: ::1 | Reason: Email not found
[2026-02-25 22:20:56] Failed Login - Email: tronglen10123456@gmail.com | IP: ::1 | Reason: Email not found
[2026-02-25 22:30:37] Failed Login - Email: test1@gmail.com | IP: ::1 | Reason: Email not found
[2026-02-25 22:31:00] Failed Login - Email: tronglen10123456@gmail.com | IP: ::1 | Reason: Wrong password
[2026-02-25 22:31:46] Failed Login - Email: tronglen10123456@gmail.com | IP: ::1 | Reason: Wrong password
[2026-02-25 22:31:50] Failed Login - Email: tronglen10123456@gmail.com | IP: ::1 | Reason: Wrong password
[2026-02-25 22:32:34] Failed Login - Email: tronglen10123456@gmail.com | IP: ::1 | Reason: Wrong password
[2026-02-25 22:32:59] Failed Login - Email: tronglen10123456@gmail.com | IP: ::1 | Reason: Wrong password
[2026-02-25 22:33:30] Failed Login - Email: test1@gmail.com | IP: ::1 | Reason: Email not found
[2026-02-28 23:07:50] Failed Login - Email: test1@gmail.com | IP: ::1 | Reason: Wrong password
[2026-03-08 15:07:49] Failed Login - Email: test1@gmail.com | IP: ::1 | Reason: Wrong password
[2026-03-10 00:21:01] Failed Login - Email: tronglen10123456@gmail.com | IP: ::1 | Reason: Wrong password
[2026-03-10 00:22:13] Failed Login - Email: tronglen10123456@gmail.com | IP: ::1 | Reason: Wrong password
[2026-03-10 00:25:34] Failed Login - Email: tronglen10123456@gmail.com | IP: ::1 | Reason: Wrong password
[2026-03-10 00:26:57] Failed Login - Email: tronglen10123456@gmail.com | IP: ::1 | Reason: Wrong password
[2026-03-10 00:37:27] Failed Login - Email: tronglen10123456@gmail.com | IP: ::1 | Reason: Wrong password
[2026-03-10 00:44:34] Failed Login - Email: tronglen10123456@gmail.com | IP: ::1 | Reason: Wrong password
[2026-03-10 00:46:55] Failed Login - Email: tronglen10123456@gmail.com | IP: ::1 | Reason: Wrong password
[2026-03-11 10:10:47] Failed Login - Email: test@gmail.com | IP: ::1 | Reason: Email not found
[2026-03-11 10:13:30] Failed Login - Email: test@gmail.com | IP: ::1 | Reason: Email not found
[2026-03-12 10:00:12] Failed Login - Email: test@gmail.com | IP: ::1 | Reason: Email not found
